[18:02:39:826] [INFO] - org.springframework.boot.StartupInfoLogger.logStarting(StartupInfoLogger.java:55) - Starting SVMWebApplication on LAPTOP-5UER15FL with PID 12728 (D:\Code\毕业设计\svmweb\target\classes started by asleepyfish in D:\Code\毕业设计\svmweb)
[18:02:39:849] [INFO] - org.springframework.boot.SpringApplication.logStartupProfileInfo(SpringApplication.java:651) - No active profile set, falling back to default profiles: default
[18:02:39:964] [INFO] - org.springframework.boot.logging.DeferredLog.logTo(DeferredLog.java:225) - Devtools property defaults active! Set 'spring.devtools.add-properties' to 'false' to disable
[18:02:39:965] [INFO] - org.springframework.boot.logging.DeferredLog.logTo(DeferredLog.java:225) - For additional web related logging consider setting the 'logging.level.web' property to 'DEBUG'
[18:02:41:939] [INFO] - org.springframework.boot.web.embedded.tomcat.TomcatWebServer.initialize(TomcatWebServer.java:92) - Tomcat initialized with port(s): 8080 (http)
[18:02:41:982] [INFO] - org.apache.juli.logging.DirectJDKLog.log(DirectJDKLog.java:173) - Initializing ProtocolHandler ["http-nio-8080"]
[18:02:41:984] [INFO] - org.apache.juli.logging.DirectJDKLog.log(DirectJDKLog.java:173) - Starting service [Tomcat]
[18:02:41:985] [INFO] - org.apache.juli.logging.DirectJDKLog.log(DirectJDKLog.java:173) - Starting Servlet engine: [Apache Tomcat/9.0.33]
[18:02:42:290] [INFO] - org.apache.juli.logging.DirectJDKLog.log(DirectJDKLog.java:173) - Initializing Spring embedded WebApplicationContext
[18:02:42:290] [INFO] - org.springframework.boot.web.servlet.context.ServletWebServerApplicationContext.prepareWebApplicationContext(ServletWebServerApplicationContext.java:284) - Root WebApplicationContext: initialization completed in 2324 ms
[18:02:42:654] [INFO] - org.springframework.scheduling.concurrent.ExecutorConfigurationSupport.initialize(ExecutorConfigurationSupport.java:181) - Initializing ExecutorService 'applicationTaskExecutor'
[18:02:42:807] [INFO] - org.springframework.boot.autoconfigure.web.servlet.WelcomePageHandlerMapping.<init>(WelcomePageHandlerMapping.java:54) - Adding welcome page: class path resource [static/index.html]
[18:02:43:060] [INFO] - org.springframework.boot.devtools.autoconfigure.OptionalLiveReloadServer.startServer(OptionalLiveReloadServer.java:58) - LiveReload server is running on port 35729
[18:02:43:101] [INFO] - org.apache.juli.logging.DirectJDKLog.log(DirectJDKLog.java:173) - Starting ProtocolHandler ["http-nio-8080"]
[18:02:43:141] [INFO] - org.springframework.boot.web.embedded.tomcat.TomcatWebServer.start(TomcatWebServer.java:204) - Tomcat started on port(s): 8080 (http) with context path ''
[18:02:43:147] [INFO] - org.springframework.boot.StartupInfoLogger.logStarted(StartupInfoLogger.java:61) - Started SVMWebApplication in 4.174 seconds (JVM running for 8.899)
[18:04:00:925] [INFO] - org.springframework.scheduling.concurrent.ExecutorConfigurationSupport.shutdown(ExecutorConfigurationSupport.java:218) - Shutting down ExecutorService 'applicationTaskExecutor'
[18:04:34:009] [INFO] - org.springframework.boot.StartupInfoLogger.logStarting(StartupInfoLogger.java:55) - Starting SVMWebApplication on LAPTOP-5UER15FL with PID 9816 (D:\Code\毕业设计\svmweb\target\classes started by asleepyfish in D:\Code\毕业设计\svmweb)
[18:04:34:018] [INFO] - org.springframework.boot.SpringApplication.logStartupProfileInfo(SpringApplication.java:651) - No active profile set, falling back to default profiles: default
[18:04:34:129] [INFO] - org.springframework.boot.logging.DeferredLog.logTo(DeferredLog.java:225) - Devtools property defaults active! Set 'spring.devtools.add-properties' to 'false' to disable
[18:04:34:130] [INFO] - org.springframework.boot.logging.DeferredLog.logTo(DeferredLog.java:225) - For additional web related logging consider setting the 'logging.level.web' property to 'DEBUG'
[18:04:36:071] [INFO] - org.springframework.boot.web.embedded.tomcat.TomcatWebServer.initialize(TomcatWebServer.java:92) - Tomcat initialized with port(s): 8080 (http)
[18:04:36:111] [INFO] - org.apache.juli.logging.DirectJDKLog.log(DirectJDKLog.java:173) - Initializing ProtocolHandler ["http-nio-8080"]
[18:04:36:114] [INFO] - org.apache.juli.logging.DirectJDKLog.log(DirectJDKLog.java:173) - Starting service [Tomcat]
[18:04:36:115] [INFO] - org.apache.juli.logging.DirectJDKLog.log(DirectJDKLog.java:173) - Starting Servlet engine: [Apache Tomcat/9.0.33]
[18:04:36:466] [INFO] - org.apache.juli.logging.DirectJDKLog.log(DirectJDKLog.java:173) - Initializing Spring embedded WebApplicationContext
[18:04:36:470] [INFO] - org.springframework.boot.web.servlet.context.ServletWebServerApplicationContext.prepareWebApplicationContext(ServletWebServerApplicationContext.java:284) - Root WebApplicationContext: initialization completed in 2339 ms
[18:04:36:904] [INFO] - org.springframework.scheduling.concurrent.ExecutorConfigurationSupport.initialize(ExecutorConfigurationSupport.java:181) - Initializing ExecutorService 'applicationTaskExecutor'
[18:04:37:084] [INFO] - org.springframework.boot.autoconfigure.web.servlet.WelcomePageHandlerMapping.<init>(WelcomePageHandlerMapping.java:54) - Adding welcome page: class path resource [static/index.html]
[18:04:37:365] [INFO] - org.springframework.boot.devtools.autoconfigure.OptionalLiveReloadServer.startServer(OptionalLiveReloadServer.java:58) - LiveReload server is running on port 35729
[18:04:37:418] [INFO] - org.apache.juli.logging.DirectJDKLog.log(DirectJDKLog.java:173) - Starting ProtocolHandler ["http-nio-8080"]
[18:04:37:464] [INFO] - org.springframework.boot.web.embedded.tomcat.TomcatWebServer.start(TomcatWebServer.java:204) - Tomcat started on port(s): 8080 (http) with context path ''
[18:04:37:470] [INFO] - org.springframework.boot.StartupInfoLogger.logStarted(StartupInfoLogger.java:61) - Started SVMWebApplication in 4.352 seconds (JVM running for 9.246)
[18:04:42:845] [INFO] - org.apache.juli.logging.DirectJDKLog.log(DirectJDKLog.java:173) - Initializing Spring DispatcherServlet 'dispatcherServlet'
[18:04:42:846] [INFO] - org.springframework.web.servlet.FrameworkServlet.initServletBean(FrameworkServlet.java:525) - Initializing Servlet 'dispatcherServlet'
[18:04:42:861] [INFO] - org.springframework.web.servlet.FrameworkServlet.initServletBean(FrameworkServlet.java:547) - Completed initialization in 14 ms
[18:08:09:202] [INFO] - org.springframework.boot.StartupInfoLogger.logStarting(StartupInfoLogger.java:55) - Starting SVMWebApplication on LAPTOP-5UER15FL with PID 12168 (D:\Code\毕业设计\svmweb\target\classes started by asleepyfish in D:\Code\毕业设计\svmweb)
[18:08:09:212] [INFO] - org.springframework.boot.SpringApplication.logStartupProfileInfo(SpringApplication.java:651) - No active profile set, falling back to default profiles: default
[18:08:09:232] [INFO] - org.springframework.boot.logging.DeferredLog.logTo(DeferredLog.java:225) - Devtools property defaults active! Set 'spring.devtools.add-properties' to 'false' to disable
[18:08:09:232] [INFO] - org.springframework.boot.logging.DeferredLog.logTo(DeferredLog.java:225) - For additional web related logging consider setting the 'logging.level.web' property to 'DEBUG'
[18:08:09:712] [INFO] - org.springframework.boot.web.embedded.tomcat.TomcatWebServer.initialize(TomcatWebServer.java:92) - Tomcat initialized with port(s): 8080 (http)
[18:08:09:722] [INFO] - org.apache.juli.logging.DirectJDKLog.log(DirectJDKLog.java:173) - Initializing ProtocolHandler ["http-nio-8080"]
[18:08:09:722] [INFO] - org.apache.juli.logging.DirectJDKLog.log(DirectJDKLog.java:173) - Starting service [Tomcat]
[18:08:09:722] [INFO] - org.apache.juli.logging.DirectJDKLog.log(DirectJDKLog.java:173) - Starting Servlet engine: [Apache Tomcat/9.0.33]
[18:08:09:802] [INFO] - org.apache.juli.logging.DirectJDKLog.log(DirectJDKLog.java:173) - Initializing Spring embedded WebApplicationContext
[18:08:09:802] [INFO] - org.springframework.boot.web.servlet.context.ServletWebServerApplicationContext.prepareWebApplicationContext(ServletWebServerApplicationContext.java:284) - Root WebApplicationContext: initialization completed in 570 ms
[18:08:09:892] [INFO] - org.springframework.scheduling.concurrent.ExecutorConfigurationSupport.initialize(ExecutorConfigurationSupport.java:181) - Initializing ExecutorService 'applicationTaskExecutor'
[18:08:09:922] [INFO] - org.springframework.boot.autoconfigure.web.servlet.WelcomePageHandlerMapping.<init>(WelcomePageHandlerMapping.java:54) - Adding welcome page: class path resource [static/index.html]
[18:08:10:022] [INFO] - org.springframework.boot.devtools.autoconfigure.OptionalLiveReloadServer.startServer(OptionalLiveReloadServer.java:58) - LiveReload server is running on port 35729
[18:08:10:032] [INFO] - org.apache.juli.logging.DirectJDKLog.log(DirectJDKLog.java:173) - Starting ProtocolHandler ["http-nio-8080"]
[18:08:10:042] [INFO] - org.springframework.boot.web.embedded.tomcat.TomcatWebServer.start(TomcatWebServer.java:204) - Tomcat started on port(s): 8080 (http) with context path ''
[18:08:10:052] [INFO] - org.springframework.boot.StartupInfoLogger.logStarted(StartupInfoLogger.java:61) - Started SVMWebApplication in 1.056 seconds (JVM running for 2.162)
[18:08:14:500] [INFO] - org.apache.juli.logging.DirectJDKLog.log(DirectJDKLog.java:173) - Initializing Spring DispatcherServlet 'dispatcherServlet'
[18:08:14:500] [INFO] - org.springframework.web.servlet.FrameworkServlet.initServletBean(FrameworkServlet.java:525) - Initializing Servlet 'dispatcherServlet'
[18:08:14:510] [INFO] - org.springframework.web.servlet.FrameworkServlet.initServletBean(FrameworkServlet.java:547) - Completed initialization in 10 ms
[18:08:34:431] [WARN] - edu.upc.svmweb.util.SVMClassifierUtil.readObjectFrom(SVMClassifierUtil.java:95) - 在从data/svm-classification-model.ser读取对象时发生异常java.io.FileNotFoundException: data\svm-classification-model.ser (系统找不到指定的文件。)
[19:47:42:639] [INFO] - org.springframework.boot.StartupInfoLogger.logStarting(StartupInfoLogger.java:55) - Starting SVMWebApplication on LAPTOP-5UER15FL with PID 10208 (D:\Code\毕业设计\svmweb\target\classes started by asleepyfish in D:\Code\毕业设计\svmweb)
[19:47:42:639] [INFO] - org.springframework.boot.SpringApplication.logStartupProfileInfo(SpringApplication.java:651) - No active profile set, falling back to default profiles: default
[19:47:42:669] [INFO] - org.springframework.boot.logging.DeferredLog.logTo(DeferredLog.java:225) - Devtools property defaults active! Set 'spring.devtools.add-properties' to 'false' to disable
[19:47:42:669] [INFO] - org.springframework.boot.logging.DeferredLog.logTo(DeferredLog.java:225) - For additional web related logging consider setting the 'logging.level.web' property to 'DEBUG'
[19:47:43:229] [INFO] - org.springframework.boot.web.embedded.tomcat.TomcatWebServer.initialize(TomcatWebServer.java:92) - Tomcat initialized with port(s): 8080 (http)
[19:47:43:239] [INFO] - org.apache.juli.logging.DirectJDKLog.log(DirectJDKLog.java:173) - Initializing ProtocolHandler ["http-nio-8080"]
[19:47:43:239] [INFO] - org.apache.juli.logging.DirectJDKLog.log(DirectJDKLog.java:173) - Starting service [Tomcat]
[19:47:43:239] [INFO] - org.apache.juli.logging.DirectJDKLog.log(DirectJDKLog.java:173) - Starting Servlet engine: [Apache Tomcat/9.0.33]
[19:47:43:319] [INFO] - org.apache.juli.logging.DirectJDKLog.log(DirectJDKLog.java:173) - Initializing Spring embedded WebApplicationContext
[19:47:43:329] [INFO] - org.springframework.boot.web.servlet.context.ServletWebServerApplicationContext.prepareWebApplicationContext(ServletWebServerApplicationContext.java:284) - Root WebApplicationContext: initialization completed in 660 ms
[19:47:43:439] [INFO] - org.springframework.scheduling.concurrent.ExecutorConfigurationSupport.initialize(ExecutorConfigurationSupport.java:181) - Initializing ExecutorService 'applicationTaskExecutor'
[19:47:43:479] [INFO] - org.springframework.boot.autoconfigure.web.servlet.WelcomePageHandlerMapping.<init>(WelcomePageHandlerMapping.java:54) - Adding welcome page: class path resource [static/index.html]
[19:47:43:573] [INFO] - org.springframework.boot.devtools.autoconfigure.OptionalLiveReloadServer.startServer(OptionalLiveReloadServer.java:58) - LiveReload server is running on port 35729
[19:47:43:584] [INFO] - org.apache.juli.logging.DirectJDKLog.log(DirectJDKLog.java:173) - Starting ProtocolHandler ["http-nio-8080"]
[19:47:43:594] [INFO] - org.springframework.boot.web.embedded.tomcat.TomcatWebServer.start(TomcatWebServer.java:204) - Tomcat started on port(s): 8080 (http) with context path ''
[19:47:43:594] [INFO] - org.springframework.boot.StartupInfoLogger.logStarted(StartupInfoLogger.java:61) - Started SVMWebApplication in 1.203 seconds (JVM running for 2.342)
